[28-Jul-2025 20:14:21 UTC] [ng_importer__run_import] running import job
[28-Jul-2025 20:14:21 UTC] No active import found
[28-Jul-2025 20:14:23 UTC] [ng_importer__run_import] running import job
[28-Jul-2025 20:14:23 UTC] No active import found
[28-Jul-2025 20:14:25 UTC] [ng_importer__run_import] running import job
[28-Jul-2025 20:14:25 UTC] No active import found
[28-Jul-2025 20:14:27 UTC] [ng_importer__run_import] running import job
[28-Jul-2025 20:14:27 UTC] No active import found
[28-Jul-2025 20:14:28 UTC] [ng_importer__run_import] running import job
[28-Jul-2025 20:14:28 UTC] No active import found
[28-Jul-2025 20:14:29 UTC] clearing scheduled cron jobs
[28-Jul-2025 20:14:32 UTC] Array
(
    [name] => valid-wxr-1.1.xml
    [size] => 7328
    [uploaded_at] => 1753733672
    [state] => indexing uploaded file
    [path] => /wordpress/wp-content/plugins/next-gen-importer/current_import.php
)

[28-Jul-2025 20:14:32 UTC] scheduling fake indexing
[28-Jul-2025 20:14:33 UTC] [ng_importer__run_import] running import job
[28-Jul-2025 20:14:33 UTC] No active import found
[28-Jul-2025 20:14:34 UTC] [ng_importer__run_import] running import job
[28-Jul-2025 20:14:34 UTC] No active import found
[28-Jul-2025 20:14:35 UTC] [ng_importer__run_import] running import job
[28-Jul-2025 20:14:35 UTC] No active import found
[28-Jul-2025 20:14:37 UTC] [ng_importer__run_import] running import job
[28-Jul-2025 20:14:37 UTC] No active import found
[28-Jul-2025 20:14:39 UTC] [ng_importer__run_import] running import job
[28-Jul-2025 20:14:39 UTC] No active import found
[28-Jul-2025 20:14:41 UTC] [ng_importer__run_import] running import job
[28-Jul-2025 20:14:41 UTC] No active import found
[28-Jul-2025 20:14:43 UTC] [ng_importer__run_import] running import job
[28-Jul-2025 20:14:43 UTC] No active import found
[28-Jul-2025 20:14:45 UTC] [ng_importer__run_import] running import job
[28-Jul-2025 20:14:45 UTC] No active import found
[28-Jul-2025 20:14:47 UTC] [ng_importer__run_import] running import job
[28-Jul-2025 20:14:47 UTC] No active import found
[28-Jul-2025 20:14:49 UTC] [ng_importer__run_import] running import job
[28-Jul-2025 20:14:49 UTC] No active import found
[28-Jul-2025 20:14:51 UTC] [ng_importer__run_import] running import job
[28-Jul-2025 20:14:51 UTC] No active import found
[28-Jul-2025 20:14:53 UTC] [ng_importer__run_import] running import job
[28-Jul-2025 20:14:53 UTC] No active import found
[28-Jul-2025 20:14:55 UTC] [ng_importer__run_import] running import job
[28-Jul-2025 20:14:55 UTC] No active import found
[28-Jul-2025 20:14:57 UTC] [ng_importer__run_import] running import job
[28-Jul-2025 20:14:57 UTC] No active import found
[28-Jul-2025 20:14:58 UTC] [ng_importer__run_import] running import job
[28-Jul-2025 20:14:58 UTC] No active import found
[28-Jul-2025 20:15:00 UTC] [ng_importer__run_import] running import job
[28-Jul-2025 20:15:00 UTC] No active import found
[28-Jul-2025 20:15:01 UTC] [ng_importer__run_import] running import job
[28-Jul-2025 20:15:01 UTC] No active import found
[28-Jul-2025 20:15:02 UTC] [ng_importer__run_import] running import job
[28-Jul-2025 20:15:02 UTC] No active import found
[28-Jul-2025 20:15:03 UTC] [ng_importer__run_import] running import job
[28-Jul-2025 20:15:03 UTC] No active import found
[28-Jul-2025 20:15:04 UTC] [ng_importer__run_import] running import job
[28-Jul-2025 20:15:04 UTC] No active import found
[28-Jul-2025 20:15:05 UTC] [ng_importer__run_import] running import job
[28-Jul-2025 20:15:05 UTC] No active import found
[28-Jul-2025 20:15:06 UTC] [ng_importer__run_import] running import job
[28-Jul-2025 20:15:06 UTC] No active import found
[28-Jul-2025 20:15:07 UTC] [ng_importer__run_import] running import job
[28-Jul-2025 20:15:07 UTC] No active import found
[28-Jul-2025 20:15:09 UTC] [ng_importer__run_import] running import job
[28-Jul-2025 20:15:09 UTC] No active import found
[28-Jul-2025 20:15:10 UTC] [ng_importer__run_import] running import job
[28-Jul-2025 20:15:10 UTC] No active import found
[28-Jul-2025 20:15:11 UTC] [ng_importer__run_import] running import job
[28-Jul-2025 20:15:11 UTC] No active import found
[28-Jul-2025 20:15:12 UTC] [ng_importer__run_import] running import job
[28-Jul-2025 20:15:12 UTC] No active import found
[28-Jul-2025 20:15:13 UTC] [ng_importer__run_import] running import job
[28-Jul-2025 20:15:13 UTC] No active import found
[28-Jul-2025 20:15:14 UTC] [ng_importer__run_import] running import job
[28-Jul-2025 20:15:14 UTC] No active import found
[28-Jul-2025 20:15:15 UTC] [ng_importer__run_import] running import job
[28-Jul-2025 20:15:15 UTC] No active import found
[28-Jul-2025 20:15:16 UTC] [ng_importer__run_import] running import job
[28-Jul-2025 20:15:16 UTC] No active import found
[28-Jul-2025 20:15:18 UTC] [ng_importer__run_import] running import job
[28-Jul-2025 20:15:18 UTC] No active import found
[28-Jul-2025 20:15:19 UTC] [ng_importer__run_import] running import job
[28-Jul-2025 20:15:19 UTC] No active import found
[28-Jul-2025 20:15:20 UTC] [ng_importer__run_import] running import job
[28-Jul-2025 20:15:20 UTC] No active import found
[28-Jul-2025 20:15:21 UTC] [ng_importer__run_import] running import job
[28-Jul-2025 20:15:21 UTC] No active import found
[28-Jul-2025 20:15:23 UTC] [ng_importer__run_import] running import job
[28-Jul-2025 20:15:23 UTC] No active import found
[28-Jul-2025 20:15:25 UTC] [ng_importer__run_import] running import job
[28-Jul-2025 20:15:25 UTC] No active import found
[28-Jul-2025 20:15:27 UTC] [ng_importer__run_import] running import job
[28-Jul-2025 20:15:27 UTC] No active import found
[28-Jul-2025 20:15:29 UTC] [ng_importer__run_import] running import job
[28-Jul-2025 20:15:29 UTC] No active import found
[28-Jul-2025 20:15:31 UTC] [ng_importer__run_import] running import job
[28-Jul-2025 20:15:31 UTC] No active import found
[28-Jul-2025 20:15:33 UTC] [ng_importer__run_import] running import job
[28-Jul-2025 20:15:33 UTC] No active import found
[28-Jul-2025 20:15:35 UTC] [ng_importer__run_import] running import job
[28-Jul-2025 20:15:35 UTC] No active import found
[28-Jul-2025 20:15:37 UTC] [ng_importer__run_import] running import job
[28-Jul-2025 20:15:37 UTC] No active import found
[28-Jul-2025 20:15:39 UTC] [ng_importer__run_import] running import job
[28-Jul-2025 20:15:39 UTC] No active import found
[28-Jul-2025 20:15:41 UTC] [ng_importer__run_import] running import job
[28-Jul-2025 20:15:41 UTC] No active import found
[28-Jul-2025 20:15:43 UTC] [ng_importer__run_import] running import job
[28-Jul-2025 20:15:43 UTC] No active import found
[28-Jul-2025 20:15:45 UTC] [ng_importer__run_import] running import job
[28-Jul-2025 20:15:45 UTC] No active import found
[28-Jul-2025 20:15:47 UTC] [ng_importer__run_import] running import job
[28-Jul-2025 20:15:47 UTC] No active import found
[28-Jul-2025 20:15:49 UTC] [ng_importer__run_import] running import job
[28-Jul-2025 20:15:49 UTC] No active import found
[28-Jul-2025 20:15:51 UTC] [ng_importer__run_import] running import job
[28-Jul-2025 20:15:51 UTC] No active import found
[28-Jul-2025 20:15:53 UTC] [ng_importer__run_import] running import job
[28-Jul-2025 20:15:53 UTC] No active import found
[28-Jul-2025 20:15:55 UTC] [ng_importer__run_import] running import job
[28-Jul-2025 20:15:55 UTC] No active import found
[28-Jul-2025 20:15:57 UTC] [ng_importer__run_import] running import job
[28-Jul-2025 20:15:57 UTC] No active import found
[28-Jul-2025 20:15:59 UTC] [ng_importer__run_import] running import job
[28-Jul-2025 20:15:59 UTC] No active import found
[28-Jul-2025 20:16:01 UTC] [ng_importer__run_import] running import job
[28-Jul-2025 20:16:01 UTC] No active import found
[28-Jul-2025 20:16:03 UTC] [ng_importer__run_import] running import job
[28-Jul-2025 20:16:03 UTC] No active import found
[28-Jul-2025 20:16:05 UTC] [ng_importer__run_import] running import job
[28-Jul-2025 20:16:05 UTC] No active import found
[28-Jul-2025 20:16:07 UTC] [ng_importer__run_import] running import job
[28-Jul-2025 20:16:07 UTC] No active import found
[28-Jul-2025 20:16:09 UTC] [ng_importer__run_import] running import job
[28-Jul-2025 20:16:09 UTC] No active import found
[28-Jul-2025 20:16:11 UTC] [ng_importer__run_import] running import job
[28-Jul-2025 20:16:11 UTC] No active import found
[28-Jul-2025 20:16:13 UTC] [ng_importer__run_import] running import job
[28-Jul-2025 20:16:13 UTC] No active import found
[28-Jul-2025 20:16:15 UTC] [ng_importer__run_import] running import job
[28-Jul-2025 20:16:15 UTC] No active import found
[28-Jul-2025 20:16:17 UTC] [ng_importer__run_import] running import job
[28-Jul-2025 20:16:17 UTC] No active import found
[28-Jul-2025 20:16:19 UTC] [ng_importer__run_import] running import job
[28-Jul-2025 20:16:19 UTC] No active import found
[28-Jul-2025 20:16:21 UTC] [ng_importer__run_import] running import job
[28-Jul-2025 20:16:21 UTC] No active import found
[28-Jul-2025 20:16:23 UTC] [ng_importer__run_import] running import job
[28-Jul-2025 20:16:23 UTC] No active import found
[28-Jul-2025 20:16:25 UTC] [ng_importer__run_import] running import job
[28-Jul-2025 20:16:25 UTC] No active import found
[28-Jul-2025 20:16:27 UTC] [ng_importer__run_import] running import job
[28-Jul-2025 20:16:27 UTC] No active import found
[28-Jul-2025 20:16:29 UTC] [ng_importer__run_import] running import job
[28-Jul-2025 20:16:29 UTC] No active import found
[28-Jul-2025 20:16:31 UTC] [ng_importer__run_import] running import job
[28-Jul-2025 20:16:31 UTC] No active import found
[28-Jul-2025 20:16:33 UTC] [ng_importer__run_import] running import job
[28-Jul-2025 20:16:33 UTC] No active import found
[28-Jul-2025 20:16:35 UTC] [ng_importer__run_import] running import job
[28-Jul-2025 20:16:35 UTC] No active import found
[28-Jul-2025 20:16:37 UTC] [ng_importer__run_import] running import job
[28-Jul-2025 20:16:37 UTC] No active import found
[28-Jul-2025 20:16:39 UTC] [ng_importer__run_import] running import job
[28-Jul-2025 20:16:39 UTC] No active import found
[28-Jul-2025 20:16:41 UTC] [ng_importer__run_import] running import job
[28-Jul-2025 20:16:41 UTC] No active import found
[28-Jul-2025 20:16:43 UTC] [ng_importer__run_import] running import job
[28-Jul-2025 20:16:43 UTC] No active import found
[28-Jul-2025 20:16:45 UTC] [ng_importer__run_import] running import job
[28-Jul-2025 20:16:45 UTC] No active import found
[28-Jul-2025 20:16:47 UTC] [ng_importer__run_import] running import job
[28-Jul-2025 20:16:47 UTC] No active import found
[28-Jul-2025 20:16:49 UTC] [ng_importer__run_import] running import job
[28-Jul-2025 20:16:49 UTC] No active import found
[28-Jul-2025 20:16:51 UTC] [ng_importer__run_import] running import job
[28-Jul-2025 20:16:51 UTC] No active import found
[28-Jul-2025 20:16:53 UTC] [ng_importer__run_import] running import job
[28-Jul-2025 20:16:53 UTC] No active import found
[28-Jul-2025 20:16:55 UTC] [ng_importer__run_import] running import job
[28-Jul-2025 20:16:55 UTC] No active import found
[28-Jul-2025 20:16:57 UTC] [ng_importer__run_import] running import job
[28-Jul-2025 20:16:57 UTC] No active import found
[28-Jul-2025 20:16:59 UTC] [ng_importer__run_import] running import job
[28-Jul-2025 20:16:59 UTC] No active import found
[28-Jul-2025 20:17:01 UTC] [ng_importer__run_import] running import job
[28-Jul-2025 20:17:01 UTC] No active import found
[28-Jul-2025 20:17:03 UTC] [ng_importer__run_import] running import job
[28-Jul-2025 20:17:03 UTC] No active import found
[28-Jul-2025 20:17:05 UTC] [ng_importer__run_import] running import job
[28-Jul-2025 20:17:05 UTC] No active import found
[28-Jul-2025 20:17:07 UTC] [ng_importer__run_import] running import job
[28-Jul-2025 20:17:07 UTC] No active import found
[28-Jul-2025 20:17:09 UTC] [ng_importer__run_import] running import job
[28-Jul-2025 20:17:09 UTC] No active import found
[28-Jul-2025 20:17:11 UTC] [ng_importer__run_import] running import job
[28-Jul-2025 20:17:11 UTC] No active import found
[28-Jul-2025 20:17:13 UTC] [ng_importer__run_import] running import job
[28-Jul-2025 20:17:13 UTC] No active import found
[28-Jul-2025 20:17:15 UTC] [ng_importer__run_import] running import job
[28-Jul-2025 20:17:15 UTC] No active import found
[28-Jul-2025 20:17:17 UTC] [ng_importer__run_import] running import job
[28-Jul-2025 20:17:17 UTC] No active import found
[28-Jul-2025 20:17:19 UTC] [ng_importer__run_import] running import job
[28-Jul-2025 20:17:19 UTC] No active import found
[28-Jul-2025 20:17:21 UTC] [ng_importer__run_import] running import job
[28-Jul-2025 20:17:21 UTC] No active import found
[28-Jul-2025 20:17:23 UTC] [ng_importer__run_import] running import job
[28-Jul-2025 20:17:23 UTC] No active import found
[28-Jul-2025 20:17:25 UTC] [ng_importer__run_import] running import job
[28-Jul-2025 20:17:25 UTC] No active import found
[28-Jul-2025 20:17:27 UTC] [ng_importer__run_import] running import job
[28-Jul-2025 20:17:27 UTC] No active import found
[28-Jul-2025 20:17:29 UTC] [ng_importer__run_import] running import job
[28-Jul-2025 20:17:29 UTC] No active import found
[28-Jul-2025 20:17:31 UTC] [ng_importer__run_import] running import job
[28-Jul-2025 20:17:31 UTC] No active import found
[28-Jul-2025 20:17:33 UTC] [ng_importer__run_import] running import job
[28-Jul-2025 20:17:33 UTC] No active import found
[28-Jul-2025 20:17:35 UTC] [ng_importer__run_import] running import job
[28-Jul-2025 20:17:35 UTC] No active import found
[28-Jul-2025 20:17:36 UTC] [ng_importer__run_import] running import job
[28-Jul-2025 20:17:36 UTC] No active import found
[28-Jul-2025 20:17:38 UTC] [ng_importer__run_import] running import job
[28-Jul-2025 20:17:38 UTC] No active import found
[28-Jul-2025 20:17:39 UTC] [ng_importer__run_import] running import job
[28-Jul-2025 20:17:39 UTC] No active import found
[28-Jul-2025 20:17:39 UTC] [ng_importer__run_import] running import job
[28-Jul-2025 20:17:39 UTC] No active import found
[28-Jul-2025 20:17:40 UTC] [ng_importer__run_import] running import job
[28-Jul-2025 20:17:40 UTC] No active import found
[28-Jul-2025 20:17:41 UTC] [ng_importer__run_import] running import job
[28-Jul-2025 20:17:41 UTC] No active import found
[28-Jul-2025 20:17:42 UTC] [ng_importer__run_import] running import job
[28-Jul-2025 20:17:42 UTC] No active import found
[28-Jul-2025 20:17:43 UTC] [ng_importer__run_import] running import job
[28-Jul-2025 20:17:43 UTC] No active import found
[28-Jul-2025 20:17:45 UTC] [ng_importer__run_import] running import job
[28-Jul-2025 20:17:45 UTC] No active import found
[28-Jul-2025 20:17:47 UTC] [ng_importer__run_import] running import job
[28-Jul-2025 20:17:47 UTC] No active import found
[28-Jul-2025 20:17:49 UTC] [ng_importer__run_import] running import job
[28-Jul-2025 20:17:49 UTC] No active import found
[28-Jul-2025 20:17:51 UTC] [ng_importer__run_import] running import job
[28-Jul-2025 20:17:51 UTC] No active import found
[28-Jul-2025 20:17:52 UTC] [ng_importer__run_import] running import job
[28-Jul-2025 20:17:52 UTC] No active import found
[28-Jul-2025 20:17:54 UTC] [ng_importer__run_import] running import job
[28-Jul-2025 20:17:54 UTC] No active import found
[28-Jul-2025 20:17:55 UTC] [ng_importer__run_import] running import job
[28-Jul-2025 20:17:55 UTC] No active import found
[28-Jul-2025 20:17:56 UTC] [ng_importer__run_import] running import job
[28-Jul-2025 20:17:56 UTC] No active import found
[28-Jul-2025 20:17:58 UTC] [ng_importer__run_import] running import job
[28-Jul-2025 20:17:58 UTC] No active import found
[28-Jul-2025 20:18:00 UTC] [ng_importer__run_import] running import job
[28-Jul-2025 20:18:00 UTC] No active import found
[28-Jul-2025 20:18:02 UTC] [ng_importer__run_import] running import job
[28-Jul-2025 20:18:02 UTC] No active import found
[28-Jul-2025 20:18:04 UTC] [ng_importer__run_import] running import job
[28-Jul-2025 20:18:04 UTC] No active import found
[28-Jul-2025 20:18:06 UTC] [ng_importer__run_import] running import job
[28-Jul-2025 20:18:06 UTC] No active import found
[28-Jul-2025 20:18:08 UTC] [ng_importer__run_import] running import job
[28-Jul-2025 20:18:08 UTC] No active import found
[28-Jul-2025 20:18:10 UTC] [ng_importer__run_import] running import job
[28-Jul-2025 20:18:10 UTC] No active import found
[28-Jul-2025 20:18:12 UTC] [ng_importer__run_import] running import job
[28-Jul-2025 20:18:12 UTC] No active import found
[28-Jul-2025 20:18:14 UTC] [ng_importer__run_import] running import job
[28-Jul-2025 20:18:14 UTC] No active import found
[28-Jul-2025 20:18:16 UTC] [ng_importer__run_import] running import job
[28-Jul-2025 20:18:16 UTC] No active import found
[28-Jul-2025 20:18:18 UTC] [ng_importer__run_import] running import job
[28-Jul-2025 20:18:18 UTC] No active import found
[28-Jul-2025 20:18:20 UTC] [ng_importer__run_import] running import job
[28-Jul-2025 20:18:20 UTC] No active import found
[28-Jul-2025 20:18:22 UTC] [ng_importer__run_import] running import job
[28-Jul-2025 20:18:22 UTC] No active import found
[28-Jul-2025 20:18:24 UTC] [ng_importer__run_import] running import job
[28-Jul-2025 20:18:24 UTC] No active import found
[28-Jul-2025 20:18:26 UTC] [ng_importer__run_import] running import job
[28-Jul-2025 20:18:26 UTC] No active import found
[28-Jul-2025 20:18:28 UTC] [ng_importer__run_import] running import job
[28-Jul-2025 20:18:28 UTC] No active import found
[28-Jul-2025 20:18:30 UTC] [ng_importer__run_import] running import job
[28-Jul-2025 20:18:30 UTC] No active import found
[28-Jul-2025 20:18:32 UTC] [ng_importer__run_import] running import job
[28-Jul-2025 20:18:32 UTC] No active import found
[28-Jul-2025 20:18:34 UTC] [ng_importer__run_import] running import job
[28-Jul-2025 20:18:34 UTC] No active import found
[28-Jul-2025 20:18:36 UTC] [ng_importer__run_import] running import job
[28-Jul-2025 20:18:36 UTC] No active import found
[28-Jul-2025 20:18:38 UTC] [ng_importer__run_import] running import job
[28-Jul-2025 20:18:38 UTC] No active import found
[28-Jul-2025 20:18:40 UTC] [ng_importer__run_import] running import job
[28-Jul-2025 20:18:40 UTC] No active import found
[28-Jul-2025 20:18:42 UTC] [ng_importer__run_import] running import job
[28-Jul-2025 20:18:42 UTC] No active import found
[28-Jul-2025 20:18:44 UTC] [ng_importer__run_import] running import job
[28-Jul-2025 20:18:44 UTC] No active import found
[28-Jul-2025 20:18:46 UTC] [ng_importer__run_import] running import job
[28-Jul-2025 20:18:46 UTC] No active import found
[28-Jul-2025 20:18:47 UTC] [ng_importer__run_import] running import job
[28-Jul-2025 20:18:47 UTC] No active import found
[28-Jul-2025 20:18:48 UTC] [ng_importer__run_import] running import job
[28-Jul-2025 20:18:48 UTC] No active import found
[28-Jul-2025 20:18:48 UTC] [ng_importer__run_import] running import job
[28-Jul-2025 20:18:48 UTC] No active import found
[28-Jul-2025 20:18:50 UTC] [ng_importer__run_import] running import job
[28-Jul-2025 20:18:50 UTC] No active import found
[28-Jul-2025 20:18:51 UTC] [ng_importer__run_import] running import job
[28-Jul-2025 20:18:51 UTC] No active import found
[28-Jul-2025 20:18:53 UTC] [ng_importer__run_import] running import job
[28-Jul-2025 20:18:53 UTC] No active import found
[28-Jul-2025 20:18:55 UTC] [ng_importer__run_import] running import job
[28-Jul-2025 20:18:55 UTC] No active import found
[28-Jul-2025 20:18:56 UTC] [ng_importer__run_import] running import job
[28-Jul-2025 20:18:56 UTC] No active import found
[28-Jul-2025 20:18:57 UTC] [ng_importer__run_import] running import job
[28-Jul-2025 20:18:57 UTC] No active import found
[28-Jul-2025 20:18:58 UTC] [ng_importer__run_import] running import job
[28-Jul-2025 20:18:58 UTC] No active import found
[28-Jul-2025 20:18:59 UTC] [ng_importer__run_import] running import job
[28-Jul-2025 20:18:59 UTC] No active import found
[28-Jul-2025 20:19:01 UTC] [ng_importer__run_import] running import job
[28-Jul-2025 20:19:01 UTC] No active import found
[28-Jul-2025 20:19:03 UTC] [ng_importer__run_import] running import job
[28-Jul-2025 20:19:03 UTC] No active import found
[28-Jul-2025 20:19:05 UTC] [ng_importer__run_import] running import job
[28-Jul-2025 20:19:05 UTC] No active import found
[28-Jul-2025 20:19:07 UTC] [ng_importer__run_import] running import job
[28-Jul-2025 20:19:07 UTC] No active import found
[28-Jul-2025 20:19:09 UTC] [ng_importer__run_import] running import job
[28-Jul-2025 20:19:09 UTC] No active import found
[28-Jul-2025 20:19:11 UTC] [ng_importer__run_import] running import job
[28-Jul-2025 20:19:11 UTC] No active import found
[28-Jul-2025 20:19:13 UTC] [ng_importer__run_import] running import job
[28-Jul-2025 20:19:13 UTC] No active import found
[28-Jul-2025 20:19:15 UTC] [ng_importer__run_import] running import job
[28-Jul-2025 20:19:15 UTC] No active import found
[28-Jul-2025 20:19:17 UTC] [ng_importer__run_import] running import job
[28-Jul-2025 20:19:17 UTC] No active import found
[28-Jul-2025 20:19:19 UTC] [ng_importer__run_import] running import job
[28-Jul-2025 20:19:19 UTC] No active import found
[28-Jul-2025 20:19:21 UTC] [ng_importer__run_import] running import job
[28-Jul-2025 20:19:21 UTC] No active import found
[28-Jul-2025 20:19:23 UTC] [ng_importer__run_import] running import job
[28-Jul-2025 20:19:23 UTC] No active import found
[28-Jul-2025 20:19:25 UTC] [ng_importer__run_import] running import job
[28-Jul-2025 20:19:25 UTC] No active import found
[28-Jul-2025 20:19:27 UTC] [ng_importer__run_import] running import job
[28-Jul-2025 20:19:27 UTC] No active import found
[28-Jul-2025 20:19:29 UTC] [ng_importer__run_import] running import job
[28-Jul-2025 20:19:29 UTC] No active import found
[28-Jul-2025 20:19:31 UTC] [ng_importer__run_import] running import job
[28-Jul-2025 20:19:31 UTC] No active import found
[28-Jul-2025 20:19:33 UTC] [ng_importer__run_import] running import job
[28-Jul-2025 20:19:33 UTC] No active import found
[28-Jul-2025 20:19:35 UTC] [ng_importer__run_import] running import job
[28-Jul-2025 20:19:35 UTC] No active import found
[28-Jul-2025 20:19:36 UTC] [ng_importer__run_import] running import job
[28-Jul-2025 20:19:36 UTC] No active import found
[28-Jul-2025 20:19:37 UTC] [ng_importer__run_import] running import job
[28-Jul-2025 20:19:37 UTC] No active import found
[28-Jul-2025 20:19:38 UTC] [ng_importer__run_import] running import job
[28-Jul-2025 20:19:38 UTC] No active import found
[28-Jul-2025 20:19:39 UTC] [ng_importer__run_import] running import job
[28-Jul-2025 20:19:39 UTC] No active import found
[28-Jul-2025 20:19:40 UTC] [ng_importer__run_import] running import job
[28-Jul-2025 20:19:41 UTC] No active import found
[28-Jul-2025 20:19:42 UTC] [ng_importer__run_import] running import job
[28-Jul-2025 20:19:42 UTC] No active import found
[28-Jul-2025 20:19:43 UTC] [ng_importer__run_import] running import job
[28-Jul-2025 20:19:43 UTC] No active import found
[28-Jul-2025 20:19:44 UTC] [ng_importer__run_import] running import job
[28-Jul-2025 20:19:44 UTC] No active import found
[28-Jul-2025 20:19:45 UTC] [ng_importer__run_import] running import job
[28-Jul-2025 20:19:45 UTC] No active import found
[28-Jul-2025 20:19:46 UTC] [ng_importer__run_import] running import job
[28-Jul-2025 20:19:46 UTC] No active import found
[28-Jul-2025 20:19:48 UTC] [ng_importer__run_import] running import job
[28-Jul-2025 20:19:48 UTC] No active import found
[28-Jul-2025 20:19:48 UTC] [ng_importer__run_import] running import job
[28-Jul-2025 20:19:48 UTC] No active import found
[28-Jul-2025 20:19:49 UTC] [ng_importer__run_import] running import job
[28-Jul-2025 20:19:49 UTC] No active import found
[28-Jul-2025 20:19:51 UTC] [ng_importer__run_import] running import job
[28-Jul-2025 20:19:51 UTC] No active import found
[28-Jul-2025 20:19:52 UTC] [ng_importer__run_import] running import job
[28-Jul-2025 20:19:52 UTC] No active import found
[28-Jul-2025 20:19:53 UTC] [ng_importer__run_import] running import job
[28-Jul-2025 20:19:53 UTC] No active import found
[28-Jul-2025 20:19:54 UTC] [ng_importer__run_import] running import job
[28-Jul-2025 20:19:54 UTC] No active import found
[28-Jul-2025 20:19:55 UTC] [ng_importer__run_import] running import job
[28-Jul-2025 20:19:55 UTC] No active import found
[28-Jul-2025 20:19:56 UTC] [ng_importer__run_import] running import job
[28-Jul-2025 20:19:56 UTC] No active import found
[28-Jul-2025 20:19:58 UTC] [ng_importer__run_import] running import job
[28-Jul-2025 20:19:58 UTC] No active import found
[28-Jul-2025 20:20:00 UTC] [ng_importer__run_import] running import job
[28-Jul-2025 20:20:00 UTC] No active import found
[28-Jul-2025 20:20:02 UTC] [ng_importer__run_import] running import job
[28-Jul-2025 20:20:02 UTC] No active import found
[28-Jul-2025 20:20:04 UTC] [ng_importer__run_import] running import job
[28-Jul-2025 20:20:04 UTC] No active import found
[28-Jul-2025 20:20:06 UTC] [ng_importer__run_import] running import job
[28-Jul-2025 20:20:06 UTC] No active import found
[28-Jul-2025 20:20:08 UTC] [ng_importer__run_import] running import job
[28-Jul-2025 20:20:08 UTC] No active import found
[28-Jul-2025 20:20:10 UTC] [ng_importer__run_import] running import job
[28-Jul-2025 20:20:10 UTC] No active import found
[28-Jul-2025 20:20:12 UTC] [ng_importer__run_import] running import job
[28-Jul-2025 20:20:12 UTC] No active import found
[28-Jul-2025 20:20:14 UTC] [ng_importer__run_import] running import job
[28-Jul-2025 20:20:14 UTC] No active import found
[28-Jul-2025 20:20:16 UTC] [ng_importer__run_import] running import job
[28-Jul-2025 20:20:16 UTC] No active import found
[28-Jul-2025 20:20:18 UTC] [ng_importer__run_import] running import job
[28-Jul-2025 20:20:18 UTC] No active import found
[28-Jul-2025 20:20:20 UTC] [ng_importer__run_import] running import job
[28-Jul-2025 20:20:20 UTC] No active import found
[28-Jul-2025 20:20:22 UTC] [ng_importer__run_import] running import job
[28-Jul-2025 20:20:22 UTC] No active import found
[28-Jul-2025 20:20:24 UTC] [ng_importer__run_import] running import job
[28-Jul-2025 20:20:24 UTC] No active import found
[28-Jul-2025 20:20:26 UTC] [ng_importer__run_import] running import job
[28-Jul-2025 20:20:26 UTC] No active import found
[28-Jul-2025 20:20:28 UTC] [ng_importer__run_import] running import job
[28-Jul-2025 20:20:28 UTC] No active import found
[28-Jul-2025 20:20:30 UTC] [ng_importer__run_import] running import job
[28-Jul-2025 20:20:30 UTC] No active import found
[28-Jul-2025 20:20:32 UTC] [ng_importer__run_import] running import job
[28-Jul-2025 20:20:32 UTC] No active import found
[28-Jul-2025 20:20:34 UTC] [ng_importer__run_import] running import job
[28-Jul-2025 20:20:34 UTC] No active import found
[28-Jul-2025 20:20:36 UTC] [ng_importer__run_import] running import job
[28-Jul-2025 20:20:36 UTC] No active import found
[28-Jul-2025 20:20:38 UTC] [ng_importer__run_import] running import job
[28-Jul-2025 20:20:38 UTC] No active import found
[28-Jul-2025 20:20:40 UTC] [ng_importer__run_import] running import job
[28-Jul-2025 20:20:40 UTC] No active import found
[28-Jul-2025 20:20:42 UTC] [ng_importer__run_import] running import job
[28-Jul-2025 20:20:42 UTC] No active import found
[28-Jul-2025 20:20:44 UTC] [ng_importer__run_import] running import job
[28-Jul-2025 20:20:44 UTC] No active import found
[28-Jul-2025 20:20:46 UTC] [ng_importer__run_import] running import job
[28-Jul-2025 20:20:46 UTC] No active import found
[28-Jul-2025 20:20:48 UTC] [ng_importer__run_import] running import job
[28-Jul-2025 20:20:48 UTC] No active import found
[28-Jul-2025 20:20:50 UTC] [ng_importer__run_import] running import job
[28-Jul-2025 20:20:50 UTC] No active import found
[28-Jul-2025 20:20:52 UTC] [ng_importer__run_import] running import job
[28-Jul-2025 20:20:52 UTC] No active import found
[28-Jul-2025 20:20:54 UTC] [ng_importer__run_import] running import job
[28-Jul-2025 20:20:54 UTC] No active import found
[28-Jul-2025 20:20:56 UTC] [ng_importer__run_import] running import job
[28-Jul-2025 20:20:56 UTC] No active import found
[28-Jul-2025 20:20:58 UTC] [ng_importer__run_import] running import job
[28-Jul-2025 20:20:58 UTC] No active import found
[28-Jul-2025 20:21:00 UTC] [ng_importer__run_import] running import job
[28-Jul-2025 20:21:00 UTC] No active import found
[28-Jul-2025 20:21:02 UTC] [ng_importer__run_import] running import job
[28-Jul-2025 20:21:02 UTC] No active import found
[28-Jul-2025 20:21:04 UTC] [ng_importer__run_import] running import job
[28-Jul-2025 20:21:04 UTC] No active import found
[28-Jul-2025 20:21:06 UTC] [ng_importer__run_import] running import job
[28-Jul-2025 20:21:06 UTC] No active import found
[28-Jul-2025 20:21:08 UTC] [ng_importer__run_import] running import job
[28-Jul-2025 20:21:08 UTC] No active import found
[28-Jul-2025 20:21:10 UTC] [ng_importer__run_import] running import job
[28-Jul-2025 20:21:10 UTC] No active import found
[28-Jul-2025 20:21:12 UTC] [ng_importer__run_import] running import job
[28-Jul-2025 20:21:12 UTC] No active import found
[28-Jul-2025 20:21:14 UTC] [ng_importer__run_import] running import job
[28-Jul-2025 20:21:14 UTC] No active import found
[28-Jul-2025 20:21:16 UTC] [ng_importer__run_import] running import job
[28-Jul-2025 20:21:16 UTC] No active import found
[28-Jul-2025 20:21:18 UTC] [ng_importer__run_import] running import job
[28-Jul-2025 20:21:18 UTC] No active import found
[28-Jul-2025 20:21:20 UTC] [ng_importer__run_import] running import job
[28-Jul-2025 20:21:20 UTC] No active import found
[28-Jul-2025 20:21:22 UTC] [ng_importer__run_import] running import job
[28-Jul-2025 20:21:22 UTC] No active import found
[28-Jul-2025 20:21:24 UTC] [ng_importer__run_import] running import job
[28-Jul-2025 20:21:24 UTC] No active import found
[28-Jul-2025 20:21:26 UTC] [ng_importer__run_import] running import job
[28-Jul-2025 20:21:26 UTC] No active import found
[28-Jul-2025 20:21:28 UTC] [ng_importer__run_import] running import job
[28-Jul-2025 20:21:28 UTC] No active import found
[28-Jul-2025 20:21:30 UTC] [ng_importer__run_import] running import job
[28-Jul-2025 20:21:30 UTC] No active import found
[28-Jul-2025 20:21:32 UTC] [ng_importer__run_import] running import job
[28-Jul-2025 20:21:32 UTC] No active import found
[28-Jul-2025 20:21:34 UTC] [ng_importer__run_import] running import job
[28-Jul-2025 20:21:34 UTC] No active import found
[28-Jul-2025 20:21:36 UTC] [ng_importer__run_import] running import job
[28-Jul-2025 20:21:36 UTC] No active import found
[28-Jul-2025 20:21:38 UTC] [ng_importer__run_import] running import job
[28-Jul-2025 20:21:38 UTC] No active import found
[28-Jul-2025 20:21:40 UTC] [ng_importer__run_import] running import job
[28-Jul-2025 20:21:40 UTC] No active import found
[28-Jul-2025 20:21:42 UTC] [ng_importer__run_import] running import job
[28-Jul-2025 20:21:42 UTC] No active import found
[28-Jul-2025 20:21:44 UTC] [ng_importer__run_import] running import job
[28-Jul-2025 20:21:44 UTC] No active import found
[28-Jul-2025 20:21:45 UTC] [ng_importer__run_import] running import job
[28-Jul-2025 20:21:45 UTC] No active import found
[28-Jul-2025 20:21:45 UTC] [ng_importer__run_import] running import job
[28-Jul-2025 20:21:45 UTC] No active import found
[28-Jul-2025 20:21:46 UTC] [ng_importer__run_import] running import job
[28-Jul-2025 20:21:46 UTC] No active import found
[28-Jul-2025 20:21:47 UTC] [ng_importer__run_import] running import job
[28-Jul-2025 20:21:47 UTC] No active import found
[28-Jul-2025 20:21:49 UTC] [ng_importer__run_import] running import job
[28-Jul-2025 20:21:49 UTC] No active import found
[28-Jul-2025 20:21:51 UTC] [ng_importer__run_import] running import job
[28-Jul-2025 20:21:51 UTC] No active import found
[28-Jul-2025 20:21:52 UTC] [ng_importer__run_import] running import job
[28-Jul-2025 20:21:52 UTC] No active import found
[28-Jul-2025 20:21:53 UTC] [ng_importer__run_import] running import job
[28-Jul-2025 20:21:53 UTC] No active import found
[28-Jul-2025 20:21:55 UTC] [ng_importer__run_import] running import job
[28-Jul-2025 20:21:55 UTC] No active import found
[28-Jul-2025 20:21:57 UTC] [ng_importer__run_import] running import job
[28-Jul-2025 20:21:57 UTC] No active import found
[28-Jul-2025 20:21:59 UTC] [ng_importer__run_import] running import job
[28-Jul-2025 20:21:59 UTC] No active import found
[28-Jul-2025 20:22:01 UTC] [ng_importer__run_import] running import job
[28-Jul-2025 20:22:01 UTC] No active import found
[28-Jul-2025 20:22:03 UTC] [ng_importer__run_import] running import job
[28-Jul-2025 20:22:03 UTC] No active import found
[28-Jul-2025 20:22:05 UTC] [ng_importer__run_import] running import job
[28-Jul-2025 20:22:05 UTC] No active import found
[28-Jul-2025 20:22:07 UTC] [ng_importer__run_import] running import job
[28-Jul-2025 20:22:07 UTC] No active import found
[28-Jul-2025 20:22:09 UTC] [ng_importer__run_import] running import job
[28-Jul-2025 20:22:09 UTC] No active import found
[28-Jul-2025 20:22:11 UTC] [ng_importer__run_import] running import job
[28-Jul-2025 20:22:11 UTC] No active import found
[28-Jul-2025 20:22:13 UTC] [ng_importer__run_import] running import job
[28-Jul-2025 20:22:13 UTC] No active import found
[28-Jul-2025 20:22:15 UTC] [ng_importer__run_import] running import job
[28-Jul-2025 20:22:15 UTC] No active import found
[28-Jul-2025 20:22:17 UTC] [ng_importer__run_import] running import job
[28-Jul-2025 20:22:17 UTC] No active import found
[28-Jul-2025 20:22:19 UTC] [ng_importer__run_import] running import job
[28-Jul-2025 20:22:19 UTC] No active import found
[28-Jul-2025 20:22:21 UTC] [ng_importer__run_import] running import job
[28-Jul-2025 20:22:21 UTC] No active import found
[28-Jul-2025 20:22:23 UTC] [ng_importer__run_import] running import job
[28-Jul-2025 20:22:23 UTC] No active import found
[28-Jul-2025 20:22:25 UTC] [ng_importer__run_import] running import job
[28-Jul-2025 20:22:25 UTC] No active import found
[28-Jul-2025 20:22:27 UTC] [ng_importer__run_import] running import job
[28-Jul-2025 20:22:27 UTC] No active import found
[28-Jul-2025 20:22:29 UTC] [ng_importer__run_import] running import job
[28-Jul-2025 20:22:29 UTC] No active import found
[28-Jul-2025 20:22:31 UTC] [ng_importer__run_import] running import job
[28-Jul-2025 20:22:31 UTC] No active import found
[28-Jul-2025 20:22:33 UTC] [ng_importer__run_import] running import job
[28-Jul-2025 20:22:33 UTC] No active import found
[28-Jul-2025 20:22:35 UTC] [ng_importer__run_import] running import job
[28-Jul-2025 20:22:35 UTC] No active import found
[28-Jul-2025 20:22:37 UTC] [ng_importer__run_import] running import job
[28-Jul-2025 20:22:37 UTC] No active import found
[28-Jul-2025 20:22:39 UTC] [ng_importer__run_import] running import job
[28-Jul-2025 20:22:39 UTC] No active import found
[28-Jul-2025 20:22:41 UTC] [ng_importer__run_import] running import job
[28-Jul-2025 20:22:41 UTC] No active import found
[28-Jul-2025 20:22:43 UTC] [ng_importer__run_import] running import job
[28-Jul-2025 20:22:43 UTC] No active import found
[28-Jul-2025 20:22:45 UTC] [ng_importer__run_import] running import job
[28-Jul-2025 20:22:45 UTC] No active import found
[28-Jul-2025 20:22:47 UTC] [ng_importer__run_import] running import job
[28-Jul-2025 20:22:47 UTC] No active import found
[28-Jul-2025 20:22:50 UTC] [ng_importer__run_import] running import job
[28-Jul-2025 20:22:50 UTC] No active import found
[28-Jul-2025 20:22:51 UTC] [ng_importer__run_import] running import job
[28-Jul-2025 20:22:51 UTC] No active import found
[28-Jul-2025 20:22:53 UTC] [ng_importer__run_import] running import job
[28-Jul-2025 20:22:53 UTC] No active import found
[28-Jul-2025 20:22:55 UTC] [ng_importer__run_import] running import job
[28-Jul-2025 20:22:55 UTC] No active import found
[28-Jul-2025 20:22:57 UTC] [ng_importer__run_import] running import job
[28-Jul-2025 20:22:57 UTC] No active import found
[28-Jul-2025 20:22:59 UTC] [ng_importer__run_import] running import job
[28-Jul-2025 20:22:59 UTC] No active import found
[28-Jul-2025 20:23:01 UTC] [ng_importer__run_import] running import job
[28-Jul-2025 20:23:01 UTC] No active import found
[28-Jul-2025 20:23:03 UTC] [ng_importer__run_import] running import job
[28-Jul-2025 20:23:03 UTC] No active import found
[28-Jul-2025 20:23:05 UTC] [ng_importer__run_import] running import job
[28-Jul-2025 20:23:05 UTC] No active import found
[28-Jul-2025 20:23:07 UTC] [ng_importer__run_import] running import job
[28-Jul-2025 20:23:07 UTC] No active import found
[28-Jul-2025 20:23:09 UTC] [ng_importer__run_import] running import job
[28-Jul-2025 20:23:09 UTC] No active import found
[28-Jul-2025 20:23:11 UTC] [ng_importer__run_import] running import job
[28-Jul-2025 20:23:11 UTC] No active import found
[28-Jul-2025 20:23:13 UTC] [ng_importer__run_import] running import job
[28-Jul-2025 20:23:13 UTC] No active import found
[28-Jul-2025 20:23:15 UTC] [ng_importer__run_import] running import job
[28-Jul-2025 20:23:15 UTC] No active import found
[28-Jul-2025 20:23:17 UTC] [ng_importer__run_import] running import job
[28-Jul-2025 20:23:17 UTC] No active import found
[28-Jul-2025 20:23:19 UTC] [ng_importer__run_import] running import job
[28-Jul-2025 20:23:19 UTC] No active import found
[28-Jul-2025 20:23:21 UTC] [ng_importer__run_import] running import job
[28-Jul-2025 20:23:21 UTC] No active import found
[28-Jul-2025 20:23:23 UTC] [ng_importer__run_import] running import job
[28-Jul-2025 20:23:23 UTC] No active import found
[28-Jul-2025 20:23:25 UTC] [ng_importer__run_import] running import job
[28-Jul-2025 20:23:25 UTC] No active import found
[28-Jul-2025 20:23:27 UTC] [ng_importer__run_import] running import job
[28-Jul-2025 20:23:27 UTC] No active import found
[28-Jul-2025 20:23:29 UTC] [ng_importer__run_import] running import job
[28-Jul-2025 20:23:29 UTC] No active import found
[28-Jul-2025 20:23:31 UTC] [ng_importer__run_import] running import job
[28-Jul-2025 20:23:31 UTC] No active import found
[28-Jul-2025 20:23:33 UTC] [ng_importer__run_import] running import job
[28-Jul-2025 20:23:33 UTC] No active import found
[28-Jul-2025 20:23:35 UTC] [ng_importer__run_import] running import job
[28-Jul-2025 20:23:35 UTC] No active import found
[28-Jul-2025 20:23:37 UTC] [ng_importer__run_import] running import job
[28-Jul-2025 20:23:37 UTC] No active import found
[28-Jul-2025 20:23:39 UTC] [ng_importer__run_import] running import job
[28-Jul-2025 20:23:39 UTC] No active import found
[28-Jul-2025 20:23:41 UTC] [ng_importer__run_import] running import job
[28-Jul-2025 20:23:41 UTC] No active import found
[28-Jul-2025 20:23:43 UTC] [ng_importer__run_import] running import job
[28-Jul-2025 20:23:43 UTC] No active import found
[28-Jul-2025 20:23:45 UTC] [ng_importer__run_import] running import job
[28-Jul-2025 20:23:45 UTC] No active import found
[28-Jul-2025 20:23:47 UTC] [ng_importer__run_import] running import job
[28-Jul-2025 20:23:47 UTC] No active import found
[28-Jul-2025 20:23:49 UTC] [ng_importer__run_import] running import job
[28-Jul-2025 20:23:49 UTC] No active import found
[28-Jul-2025 20:23:51 UTC] [ng_importer__run_import] running import job
[28-Jul-2025 20:23:51 UTC] No active import found
[28-Jul-2025 20:23:53 UTC] [ng_importer__run_import] running import job
[28-Jul-2025 20:23:53 UTC] No active import found
[28-Jul-2025 20:23:55 UTC] [ng_importer__run_import] running import job
[28-Jul-2025 20:23:55 UTC] No active import found
[28-Jul-2025 20:23:57 UTC] [ng_importer__run_import] running import job
[28-Jul-2025 20:23:57 UTC] No active import found
[28-Jul-2025 20:23:59 UTC] [ng_importer__run_import] running import job
[28-Jul-2025 20:23:59 UTC] No active import found
[28-Jul-2025 20:24:01 UTC] [ng_importer__run_import] running import job
[28-Jul-2025 20:24:01 UTC] No active import found
[28-Jul-2025 20:24:03 UTC] [ng_importer__run_import] running import job
[28-Jul-2025 20:24:03 UTC] No active import found
